  application.cpp
c:\users\crona\desktop\p2423910 - shaders assignment 2020\advancedlighting\src\core\application.cpp(239): warning C4244: '=': conversion from 'double' to 'GLfloat', possible loss of data
c:\users\crona\desktop\p2423910 - shaders assignment 2020\advancedlighting\src\core\application.cpp(240): warning C4244: '=': conversion from 'double' to 'GLfloat', possible loss of data
c:\users\crona\desktop\p2423910 - shaders assignment 2020\advancedlighting\src\core\application.cpp(245): warning C4244: 'initializing': conversion from 'double' to 'GLfloat', possible loss of data
c:\users\crona\desktop\p2423910 - shaders assignment 2020\advancedlighting\src\core\application.cpp(246): warning C4244: 'initializing': conversion from 'double' to 'GLfloat', possible loss of data
c:\users\crona\desktop\p2423910 - shaders assignment 2020\advancedlighting\src\core\application.cpp(249): warning C4244: '=': conversion from 'double' to 'GLfloat', possible loss of data
c:\users\crona\desktop\p2423910 - shaders assignment 2020\advancedlighting\src\core\application.cpp(250): warning C4244: '=': conversion from 'double' to 'GLfloat', possible loss of data
c:\users\crona\desktop\p2423910 - shaders assignment 2020\advancedlighting\src\core\application.cpp(264): warning C4244: 'argument': conversion from 'double' to 'GLfloat', possible loss of data
  SOIL.lib(SOIL.obj) : MSIL .netmodule or module compiled with /GL found; restarting link with /LTCG; add /LTCG to the link command line to improve linker performance
LINK : warning LNK4075: ignoring '/INCREMENTAL' due to '/LTCG' specification
LINK : warning LNK4098: defaultlib 'LIBCMT' conflicts with use of other libs; use /NODEFAULTLIB:library
LINK : warning LNK4098: defaultlib 'MSVCRT' conflicts with use of other libs; use /NODEFAULTLIB:library
  Generating code
  Finished generating code
SOIL.lib(SOIL.obj) : warning LNK4099: PDB 'vc110.pdb' was not found with 'SOIL.lib(SOIL.obj)' or at 'C:\Users\crona\Desktop\P2423910 - Shaders Assignment 2020\advancedLighting\Debug\vc110.pdb'; linking object as if no debug info
SOIL.lib(stb_image_aug.obj) : warning LNK4099: PDB 'vc110.pdb' was not found with 'SOIL.lib(stb_image_aug.obj)' or at 'C:\Users\crona\Desktop\P2423910 - Shaders Assignment 2020\advancedLighting\Debug\vc110.pdb'; linking object as if no debug info
SOIL.lib(image_helper.obj) : warning LNK4099: PDB 'vc110.pdb' was not found with 'SOIL.lib(image_helper.obj)' or at 'C:\Users\crona\Desktop\P2423910 - Shaders Assignment 2020\advancedLighting\Debug\vc110.pdb'; linking object as if no debug info
SOIL.lib(image_DXT.obj) : warning LNK4099: PDB 'vc110.pdb' was not found with 'SOIL.lib(image_DXT.obj)' or at 'C:\Users\crona\Desktop\P2423910 - Shaders Assignment 2020\advancedLighting\Debug\vc110.pdb'; linking object as if no debug info
glew32s.lib(glew.obj) : warning LNK4099: PDB 'vc110.pdb' was not found with 'glew32s.lib(glew.obj)' or at 'C:\Users\crona\Desktop\P2423910 - Shaders Assignment 2020\advancedLighting\Debug\vc110.pdb'; linking object as if no debug info
  Normal Mapping.vcxproj -> C:\Users\crona\Desktop\P2423910 - Shaders Assignment 2020\advancedLighting\Debug\Shaders_Assignment.exe
